22-08-2018 11:37:04.136 [main] INFO  c.f.FrysOrderServiceApplication_v2.logStarting - Starting FrysOrderServiceApplication_v2 on Trantor94 with PID 7320 (C:\Users\gagandeep.singh1\git_workspace\FrysOrderService_v2\target\classes started by gagandeep.singh1 in C:\Users\gagandeep.singh1\git_workspace\FrysOrderService_v2)
22-08-2018 11:37:04.402 [main] INFO  c.f.FrysOrderServiceApplication_v2.logStartupProfileInfo - No active profile set, falling back to default profiles: default
22-08-2018 11:37:04.820 [main] INFO  o.s.b.c.e.AnnotationConfigEmbeddedWebApplicationContext.prepareRefresh - Refreshing org.springframework.boot.context.embedded.AnnotationConfigEmbeddedWebApplicationContext@6293abcc: startup date [Wed Aug 22 11:37:04 IST 2018]; root of context hierarchy
22-08-2018 11:37:05.861 [background-preinit] INFO  o.h.validator.internal.util.Version.<clinit> - HV000001: Hibernate Validator 5.3.5.Final
22-08-2018 11:37:09.268 [main] INFO  o.s.b.c.e.t.TomcatEmbeddedServletContainer.initialize - Tomcat initialized with port(s): 8070 (http)
22-08-2018 11:37:09.369 [main] INFO  o.a.catalina.core.StandardService.log - Starting service [Tomcat]
22-08-2018 11:37:09.369 [main] INFO  o.a.catalina.core.StandardEngine.log - Starting Servlet Engine: Apache Tomcat/8.5.16
22-08-2018 11:37:10.923 [localhost-startStop-1] INFO  o.a.c.c.C.[.[localhost].[/order].log - Initializing Spring embedded WebApplicationContext
22-08-2018 11:37:10.924 [localhost-startStop-1] INFO  o.s.web.context.ContextLoader.prepareEmbeddedWebApplicationContext - Root WebApplicationContext: initialization completed in 6104 ms
22-08-2018 11:37:11.997 [localhost-startStop-1] INFO  o.s.b.w.s.ServletRegistrationBean.onStartup - Mapping servlet: 'dispatcherServlet' to [/]
22-08-2018 11:37:12.024 [localhost-startStop-1] INFO  o.s.b.w.s.FilterRegistrationBean.configure - Mapping filter: 'characterEncodingFilter' to: [/*]
22-08-2018 11:37:12.026 [localhost-startStop-1] INFO  o.s.b.w.s.FilterRegistrationBean.configure - Mapping filter: 'hiddenHttpMethodFilter' to: [/*]
22-08-2018 11:37:12.027 [localhost-startStop-1] INFO  o.s.b.w.s.FilterRegistrationBean.configure - Mapping filter: 'httpPutFormContentFilter' to: [/*]
22-08-2018 11:37:12.029 [localhost-startStop-1] INFO  o.s.b.w.s.FilterRegistrationBean.configure - Mapping filter: 'requestContextFilter' to: [/*]
22-08-2018 11:37:17.540 [main] INFO  o.s.o.j.LocalContainerEntityManagerFactoryBean.createNativeEntityManagerFactory - Building JPA container EntityManagerFactory for persistence unit 'default'
22-08-2018 11:37:17.656 [main] INFO  o.h.jpa.internal.util.LogHelper.logPersistenceUnitInformation - HHH000204: Processing PersistenceUnitInfo [
	name: default
	...]
22-08-2018 11:37:18.687 [main] INFO  org.hibernate.Version.logVersion - HHH000412: Hibernate Core {5.0.12.Final}
22-08-2018 11:37:18.691 [main] INFO  org.hibernate.cfg.Environment.<clinit> - HHH000206: hibernate.properties not found
22-08-2018 11:37:18.691 [main] INFO  org.hibernate.cfg.Environment.buildBytecodeProvider - HHH000021: Bytecode provider name : javassist
22-08-2018 11:37:18.803 [main] INFO  o.h.annotations.common.Version.<clinit> - HCANN000001: Hibernate Commons Annotations {5.0.1.Final}
22-08-2018 11:37:19.172 [main] INFO  org.hibernate.dialect.Dialect.<init> - HHH000400: Using dialect: org.hibernate.dialect.MySQL5Dialect
22-08-2018 11:37:19.994 [main] INFO  o.s.o.j.LocalContainerEntityManagerFactoryBean.buildNativeEntityManagerFactory - Initialized JPA EntityManagerFactory for persistence unit 'default'
22-08-2018 11:37:22.068 [main] INFO  o.s.w.s.m.m.a.RequestMappingHandlerAdapter.initControllerAdviceCache - Looking for @ControllerAdvice: org.springframework.boot.context.embedded.AnnotationConfigEmbeddedWebApplicationContext@6293abcc: startup date [Wed Aug 22 11:37:04 IST 2018]; root of context hierarchy
22-08-2018 11:37:22.195 [main] INFO  o.s.w.s.m.m.a.RequestMappingHandlerMapping.register - Mapped "{[/track/credit]}" onto public java.lang.String com.frys.action.RequestHandlerServlet.getOrderDetailsByCreditCardNumber(java.lang.String)
22-08-2018 11:37:22.199 [main] INFO  o.s.w.s.m.m.a.RequestMappingHandlerMapping.register - Mapped "{[/track/code]}" onto public java.lang.String com.frys.action.RequestHandlerServlet.getOrderDetailsByTrackingCode(java.lang.String)
22-08-2018 11:37:22.210 [main] INFO  o.s.w.s.m.m.a.RequestMappingHandlerMapping.register - Mapped "{[/error]}" onto public org.springframework.http.ResponseEntity<java.util.Map<java.lang.String, java.lang.Object>> org.springframework.boot.autoconfigure.web.BasicErrorController.error(javax.servlet.http.HttpServletRequest)
22-08-2018 11:37:22.211 [main] INFO  o.s.w.s.m.m.a.RequestMappingHandlerMapping.register - Mapped "{[/error],produces=[text/html]}" onto public org.springframework.web.servlet.ModelAndView org.springframework.boot.autoconfigure.web.BasicErrorController.errorHtml(javax.servlet.http.HttpServletRequest,javax.servlet.http.HttpServletResponse)
22-08-2018 11:37:22.268 [main] INFO  o.s.w.s.h.SimpleUrlHandlerMapping.registerHandler - Mapped URL path [/webjars/**] onto handler of type [class org.springframework.web.servlet.resource.ResourceHttpRequestHandler]
22-08-2018 11:37:22.269 [main] INFO  o.s.w.s.h.SimpleUrlHandlerMapping.registerHandler - Mapped URL path [/**] onto handler of type [class org.springframework.web.servlet.resource.ResourceHttpRequestHandler]
22-08-2018 11:37:22.364 [main] INFO  o.s.w.s.h.SimpleUrlHandlerMapping.registerHandler - Mapped URL path [/**/favicon.ico] onto handler of type [class org.springframework.web.servlet.resource.ResourceHttpRequestHandler]
22-08-2018 11:37:22.884 [main] INFO  o.s.j.e.a.AnnotationMBeanExporter.afterSingletonsInstantiated - Registering beans for JMX exposure on startup
22-08-2018 11:37:22.930 [main] INFO  o.a.coyote.http11.Http11NioProtocol.log - Initializing ProtocolHandler ["http-nio-8070"]
22-08-2018 11:37:22.991 [main] INFO  o.a.coyote.http11.Http11NioProtocol.log - Starting ProtocolHandler ["http-nio-8070"]
22-08-2018 11:37:23.074 [main] INFO  o.a.tomcat.util.net.NioSelectorPool.log - Using a shared selector for servlet write/read
22-08-2018 11:37:23.113 [main] INFO  o.s.b.c.e.t.TomcatEmbeddedServletContainer.start - Tomcat started on port(s): 8070 (http)
22-08-2018 11:37:23.142 [main] INFO  c.f.FrysOrderServiceApplication_v2.logStarted - Started FrysOrderServiceApplication_v2 in 20.386 seconds (JVM running for 22.799)
22-08-2018 11:37:38.802 [http-nio-8070-exec-1] INFO  o.a.c.c.C.[.[localhost].[/order].log - Initializing Spring FrameworkServlet 'dispatcherServlet'
22-08-2018 11:37:38.802 [http-nio-8070-exec-1] INFO  o.s.web.servlet.DispatcherServlet.initServletBean - FrameworkServlet 'dispatcherServlet': initialization started
22-08-2018 11:37:38.825 [http-nio-8070-exec-1] INFO  o.s.web.servlet.DispatcherServlet.initServletBean - FrameworkServlet 'dispatcherServlet': initialization completed in 18 ms
22-08-2018 11:37:38.915 [http-nio-8070-exec-1] ERROR o.a.c.c.C.[.[.[.[dispatcherServlet].log - Servlet.service() for servlet [dispatcherServlet] in context with path [/order] threw exception [Handler dispatch failed; nested exception is java.lang.Error: Unresolved compilation problem: 
	SpringConfiguration cannot be resolved to a type
] with root cause
java.lang.Error: Unresolved compilation problem: 
	SpringConfiguration cannot be resolved to a type

	at com.frys.action.RequestHandlerServlet.getOrderDetailsByTrackingCode(RequestHandlerServlet.java:50)
	at sun.reflect.NativeMethodAccessorImpl.invoke0(Native Method)
	at sun.reflect.NativeMethodAccessorImpl.invoke(NativeMethodAccessorImpl.java:62)
	at sun.reflect.DelegatingMethodAccessorImpl.invoke(DelegatingMethodAccessorImpl.java:43)
	at java.lang.reflect.Method.invoke(Method.java:498)
	at org.springframework.web.method.support.InvocableHandlerMethod.doInvoke(InvocableHandlerMethod.java:205)
	at org.springframework.web.method.support.InvocableHandlerMethod.invokeForRequest(InvocableHandlerMethod.java:133)
	at org.springframework.web.servlet.mvc.method.annotation.ServletInvocableHandlerMethod.invokeAndHandle(ServletInvocableHandlerMethod.java:97)
	at org.springframework.web.servlet.mvc.method.annotation.RequestMappingHandlerAdapter.invokeHandlerMethod(RequestMappingHandlerAdapter.java:827)
	at org.springframework.web.servlet.mvc.method.annotation.RequestMappingHandlerAdapter.handleInternal(RequestMappingHandlerAdapter.java:738)
	at org.springframework.web.servlet.mvc.method.AbstractHandlerMethodAdapter.handle(AbstractHandlerMethodAdapter.java:85)
	at org.springframework.web.servlet.DispatcherServlet.doDispatch(DispatcherServlet.java:967)
	at org.springframework.web.servlet.DispatcherServlet.doService(DispatcherServlet.java:901)
	at org.springframework.web.servlet.FrameworkServlet.processRequest(FrameworkServlet.java:970)
	at org.springframework.web.servlet.FrameworkServlet.doGet(FrameworkServlet.java:861)
	at javax.servlet.http.HttpServlet.service(HttpServlet.java:635)
	at org.springframework.web.servlet.FrameworkServlet.service(FrameworkServlet.java:846)
	at javax.servlet.http.HttpServlet.service(HttpServlet.java:742)
	at org.apache.catalina.core.ApplicationFilterChain.internalDoFilter(ApplicationFilterChain.java:231)
	at org.apache.catalina.core.ApplicationFilterChain.doFilter(ApplicationFilterChain.java:166)
	at org.apache.tomcat.websocket.server.WsFilter.doFilter(WsFilter.java:52)
	at org.apache.catalina.core.ApplicationFilterChain.internalDoFilter(ApplicationFilterChain.java:193)
	at org.apache.catalina.core.ApplicationFilterChain.doFilter(ApplicationFilterChain.java:166)
	at org.springframework.web.filter.RequestContextFilter.doFilterInternal(RequestContextFilter.java:99)
	at org.springframework.web.filter.OncePerRequestFilter.doFilter(OncePerRequestFilter.java:107)
	at org.apache.catalina.core.ApplicationFilterChain.internalDoFilter(ApplicationFilterChain.java:193)
	at org.apache.catalina.core.ApplicationFilterChain.doFilter(ApplicationFilterChain.java:166)
	at org.springframework.web.filter.HttpPutFormContentFilter.doFilterInternal(HttpPutFormContentFilter.java:105)
	at org.springframework.web.filter.OncePerRequestFilter.doFilter(OncePerRequestFilter.java:107)
	at org.apache.catalina.core.ApplicationFilterChain.internalDoFilter(ApplicationFilterChain.java:193)
	at org.apache.catalina.core.ApplicationFilterChain.doFilter(ApplicationFilterChain.java:166)
	at org.springframework.web.filter.HiddenHttpMethodFilter.doFilterInternal(HiddenHttpMethodFilter.java:81)
	at org.springframework.web.filter.OncePerRequestFilter.doFilter(OncePerRequestFilter.java:107)
	at org.apache.catalina.core.ApplicationFilterChain.internalDoFilter(ApplicationFilterChain.java:193)
	at org.apache.catalina.core.ApplicationFilterChain.doFilter(ApplicationFilterChain.java:166)
	at org.springframework.web.filter.CharacterEncodingFilter.doFilterInternal(CharacterEncodingFilter.java:197)
	at org.springframework.web.filter.OncePerRequestFilter.doFilter(OncePerRequestFilter.java:107)
	at org.apache.catalina.core.ApplicationFilterChain.internalDoFilter(ApplicationFilterChain.java:193)
	at org.apache.catalina.core.ApplicationFilterChain.doFilter(ApplicationFilterChain.java:166)
	at org.apache.catalina.core.StandardWrapperValve.invoke(StandardWrapperValve.java:198)
	at org.apache.catalina.core.StandardContextValve.invoke(StandardContextValve.java:96)
	at org.apache.catalina.authenticator.AuthenticatorBase.invoke(AuthenticatorBase.java:478)
	at org.apache.catalina.core.StandardHostValve.invoke(StandardHostValve.java:140)
	at org.apache.catalina.valves.ErrorReportValve.invoke(ErrorReportValve.java:80)
	at org.apache.catalina.core.StandardEngineValve.invoke(StandardEngineValve.java:87)
	at org.apache.catalina.connector.CoyoteAdapter.service(CoyoteAdapter.java:342)
	at org.apache.coyote.http11.Http11Processor.service(Http11Processor.java:799)
	at org.apache.coyote.AbstractProcessorLight.process(AbstractProcessorLight.java:66)
	at org.apache.coyote.AbstractProtocol$ConnectionHandler.process(AbstractProtocol.java:868)
	at org.apache.tomcat.util.net.NioEndpoint$SocketProcessor.doRun(NioEndpoint.java:1455)
	at org.apache.tomcat.util.net.SocketProcessorBase.run(SocketProcessorBase.java:49)
	at java.util.concurrent.ThreadPoolExecutor.runWorker(ThreadPoolExecutor.java:1149)
	at java.util.concurrent.ThreadPoolExecutor$Worker.run(ThreadPoolExecutor.java:624)
	at org.apache.tomcat.util.threads.TaskThread$WrappingRunnable.run(TaskThread.java:61)
	at java.lang.Thread.run(Thread.java:748)
22-08-2018 11:38:23.745 [main] INFO  c.f.FrysOrderServiceApplication_v2.logStarting - Starting FrysOrderServiceApplication_v2 on Trantor94 with PID 9660 (C:\Users\gagandeep.singh1\git_workspace\FrysOrderService_v2\target\classes started by gagandeep.singh1 in C:\Users\gagandeep.singh1\git_workspace\FrysOrderService_v2)
22-08-2018 11:38:23.745 [main] INFO  c.f.FrysOrderServiceApplication_v2.logStartupProfileInfo - No active profile set, falling back to default profiles: default
22-08-2018 11:38:23.846 [main] INFO  o.s.b.c.e.AnnotationConfigEmbeddedWebApplicationContext.prepareRefresh - Refreshing org.springframework.boot.context.embedded.AnnotationConfigEmbeddedWebApplicationContext@6293abcc: startup date [Wed Aug 22 11:38:23 IST 2018]; root of context hierarchy
22-08-2018 11:38:24.328 [background-preinit] INFO  o.h.validator.internal.util.Version.<clinit> - HV000001: Hibernate Validator 5.3.5.Final
22-08-2018 11:38:26.751 [main] INFO  o.s.b.c.e.t.TomcatEmbeddedServletContainer.initialize - Tomcat initialized with port(s): 8070 (http)
22-08-2018 11:38:26.777 [main] INFO  o.a.catalina.core.StandardService.log - Starting service [Tomcat]
22-08-2018 11:38:26.777 [main] INFO  o.a.catalina.core.StandardEngine.log - Starting Servlet Engine: Apache Tomcat/8.5.16
22-08-2018 11:38:26.983 [localhost-startStop-1] INFO  o.a.c.c.C.[.[localhost].[/order].log - Initializing Spring embedded WebApplicationContext
22-08-2018 11:38:26.983 [localhost-startStop-1] INFO  o.s.web.context.ContextLoader.prepareEmbeddedWebApplicationContext - Root WebApplicationContext: initialization completed in 3137 ms
22-08-2018 11:38:27.238 [localhost-startStop-1] INFO  o.s.b.w.s.ServletRegistrationBean.onStartup - Mapping servlet: 'dispatcherServlet' to [/]
22-08-2018 11:38:27.245 [localhost-startStop-1] INFO  o.s.b.w.s.FilterRegistrationBean.configure - Mapping filter: 'characterEncodingFilter' to: [/*]
22-08-2018 11:38:27.246 [localhost-startStop-1] INFO  o.s.b.w.s.FilterRegistrationBean.configure - Mapping filter: 'hiddenHttpMethodFilter' to: [/*]
22-08-2018 11:38:27.246 [localhost-startStop-1] INFO  o.s.b.w.s.FilterRegistrationBean.configure - Mapping filter: 'httpPutFormContentFilter' to: [/*]
22-08-2018 11:38:27.247 [localhost-startStop-1] INFO  o.s.b.w.s.FilterRegistrationBean.configure - Mapping filter: 'requestContextFilter' to: [/*]
22-08-2018 11:38:28.240 [main] INFO  o.s.o.j.LocalContainerEntityManagerFactoryBean.createNativeEntityManagerFactory - Building JPA container EntityManagerFactory for persistence unit 'default'
22-08-2018 11:38:28.261 [main] INFO  o.h.jpa.internal.util.LogHelper.logPersistenceUnitInformation - HHH000204: Processing PersistenceUnitInfo [
	name: default
	...]
22-08-2018 11:38:28.397 [main] INFO  org.hibernate.Version.logVersion - HHH000412: Hibernate Core {5.0.12.Final}
22-08-2018 11:38:28.399 [main] INFO  org.hibernate.cfg.Environment.<clinit> - HHH000206: hibernate.properties not found
22-08-2018 11:38:28.404 [main] INFO  org.hibernate.cfg.Environment.buildBytecodeProvider - HHH000021: Bytecode provider name : javassist
22-08-2018 11:38:28.473 [main] INFO  o.h.annotations.common.Version.<clinit> - HCANN000001: Hibernate Commons Annotations {5.0.1.Final}
22-08-2018 11:38:28.725 [main] INFO  org.hibernate.dialect.Dialect.<init> - HHH000400: Using dialect: org.hibernate.dialect.MySQL5Dialect
22-08-2018 11:38:29.292 [main] INFO  o.s.o.j.LocalContainerEntityManagerFactoryBean.buildNativeEntityManagerFactory - Initialized JPA EntityManagerFactory for persistence unit 'default'
22-08-2018 11:38:30.248 [main] INFO  o.s.w.s.m.m.a.RequestMappingHandlerAdapter.initControllerAdviceCache - Looking for @ControllerAdvice: org.springframework.boot.context.embedded.AnnotationConfigEmbeddedWebApplicationContext@6293abcc: startup date [Wed Aug 22 11:38:23 IST 2018]; root of context hierarchy
22-08-2018 11:38:30.389 [main] INFO  o.s.w.s.m.m.a.RequestMappingHandlerMapping.register - Mapped "{[/track/credit]}" onto public java.lang.String com.frys.action.RequestHandlerServlet.getOrderDetailsByCreditCardNumber(java.lang.String)
22-08-2018 11:38:30.392 [main] INFO  o.s.w.s.m.m.a.RequestMappingHandlerMapping.register - Mapped "{[/track/code]}" onto public java.lang.String com.frys.action.RequestHandlerServlet.getOrderDetailsByTrackingCode(java.lang.String)
22-08-2018 11:38:30.399 [main] INFO  o.s.w.s.m.m.a.RequestMappingHandlerMapping.register - Mapped "{[/error]}" onto public org.springframework.http.ResponseEntity<java.util.Map<java.lang.String, java.lang.Object>> org.springframework.boot.autoconfigure.web.BasicErrorController.error(javax.servlet.http.HttpServletRequest)
22-08-2018 11:38:30.400 [main] INFO  o.s.w.s.m.m.a.RequestMappingHandlerMapping.register - Mapped "{[/error],produces=[text/html]}" onto public org.springframework.web.servlet.ModelAndView org.springframework.boot.autoconfigure.web.BasicErrorController.errorHtml(javax.servlet.http.HttpServletRequest,javax.servlet.http.HttpServletResponse)
22-08-2018 11:38:30.497 [main] INFO  o.s.w.s.h.SimpleUrlHandlerMapping.registerHandler - Mapped URL path [/webjars/**] onto handler of type [class org.springframework.web.servlet.resource.ResourceHttpRequestHandler]
22-08-2018 11:38:30.499 [main] INFO  o.s.w.s.h.SimpleUrlHandlerMapping.registerHandler - Mapped URL path [/**] onto handler of type [class org.springframework.web.servlet.resource.ResourceHttpRequestHandler]
22-08-2018 11:38:30.604 [main] INFO  o.s.w.s.h.SimpleUrlHandlerMapping.registerHandler - Mapped URL path [/**/favicon.ico] onto handler of type [class org.springframework.web.servlet.resource.ResourceHttpRequestHandler]
22-08-2018 11:38:31.016 [main] INFO  o.s.j.e.a.AnnotationMBeanExporter.afterSingletonsInstantiated - Registering beans for JMX exposure on startup
22-08-2018 11:38:31.045 [main] INFO  o.a.coyote.http11.Http11NioProtocol.log - Initializing ProtocolHandler ["http-nio-8070"]
22-08-2018 11:38:31.063 [main] INFO  o.a.coyote.http11.Http11NioProtocol.log - Starting ProtocolHandler ["http-nio-8070"]
22-08-2018 11:38:31.079 [main] INFO  o.a.tomcat.util.net.NioSelectorPool.log - Using a shared selector for servlet write/read
22-08-2018 11:38:31.117 [main] INFO  o.s.b.c.e.t.TomcatEmbeddedServletContainer.start - Tomcat started on port(s): 8070 (http)
22-08-2018 11:38:31.128 [main] INFO  c.f.FrysOrderServiceApplication_v2.logStarted - Started FrysOrderServiceApplication_v2 in 7.829 seconds (JVM running for 8.28)
22-08-2018 11:38:44.727 [http-nio-8070-exec-1] INFO  o.a.c.c.C.[.[localhost].[/order].log - Initializing Spring FrameworkServlet 'dispatcherServlet'
22-08-2018 11:38:44.727 [http-nio-8070-exec-1] INFO  o.s.web.servlet.DispatcherServlet.initServletBean - FrameworkServlet 'dispatcherServlet': initialization started
22-08-2018 11:38:44.779 [http-nio-8070-exec-1] INFO  o.s.web.servlet.DispatcherServlet.initServletBean - FrameworkServlet 'dispatcherServlet': initialization completed in 52 ms
22-08-2018 11:38:44.838 [http-nio-8070-exec-1] INFO  o.s.c.a.AnnotationConfigApplicationContext.prepareRefresh - Refreshing org.springframework.context.annotation.AnnotationConfigApplicationContext@52c6c5cc: startup date [Wed Aug 22 11:38:44 IST 2018]; root of context hierarchy
22-08-2018 11:38:44.954 [http-nio-8070-exec-1] ERROR o.a.c.c.C.[.[.[.[dispatcherServlet].log - Servlet.service() for servlet [dispatcherServlet] in context with path [/order] threw exception [Request processing failed; nested exception is org.springframework.beans.factory.NoSuchBeanDefinitionException: No qualifying bean of type 'com.frys.model.DelivProperties' available] with root cause
org.springframework.beans.factory.NoSuchBeanDefinitionException: No qualifying bean of type 'com.frys.model.DelivProperties' available
	at org.springframework.beans.factory.support.DefaultListableBeanFactory.getBean(DefaultListableBeanFactory.java:353)
	at org.springframework.beans.factory.support.DefaultListableBeanFactory.getBean(DefaultListableBeanFactory.java:340)
	at org.springframework.context.support.AbstractApplicationContext.getBean(AbstractApplicationContext.java:1090)
	at com.frys.action.RequestHandlerServlet.getOrderDetailsByTrackingCode(RequestHandlerServlet.java:51)
	at sun.reflect.NativeMethodAccessorImpl.invoke0(Native Method)
	at sun.reflect.NativeMethodAccessorImpl.invoke(NativeMethodAccessorImpl.java:62)
	at sun.reflect.DelegatingMethodAccessorImpl.invoke(DelegatingMethodAccessorImpl.java:43)
	at java.lang.reflect.Method.invoke(Method.java:498)
	at org.springframework.web.method.support.InvocableHandlerMethod.doInvoke(InvocableHandlerMethod.java:205)
	at org.springframework.web.method.support.InvocableHandlerMethod.invokeForRequest(InvocableHandlerMethod.java:133)
	at org.springframework.web.servlet.mvc.method.annotation.ServletInvocableHandlerMethod.invokeAndHandle(ServletInvocableHandlerMethod.java:97)
	at org.springframework.web.servlet.mvc.method.annotation.RequestMappingHandlerAdapter.invokeHandlerMethod(RequestMappingHandlerAdapter.java:827)
	at org.springframework.web.servlet.mvc.method.annotation.RequestMappingHandlerAdapter.handleInternal(RequestMappingHandlerAdapter.java:738)
	at org.springframework.web.servlet.mvc.method.AbstractHandlerMethodAdapter.handle(AbstractHandlerMethodAdapter.java:85)
	at org.springframework.web.servlet.DispatcherServlet.doDispatch(DispatcherServlet.java:967)
	at org.springframework.web.servlet.DispatcherServlet.doService(DispatcherServlet.java:901)
	at org.springframework.web.servlet.FrameworkServlet.processRequest(FrameworkServlet.java:970)
	at org.springframework.web.servlet.FrameworkServlet.doGet(FrameworkServlet.java:861)
	at javax.servlet.http.HttpServlet.service(HttpServlet.java:635)
	at org.springframework.web.servlet.FrameworkServlet.service(FrameworkServlet.java:846)
	at javax.servlet.http.HttpServlet.service(HttpServlet.java:742)
	at org.apache.catalina.core.ApplicationFilterChain.internalDoFilter(ApplicationFilterChain.java:231)
	at org.apache.catalina.core.ApplicationFilterChain.doFilter(ApplicationFilterChain.java:166)
	at org.apache.tomcat.websocket.server.WsFilter.doFilter(WsFilter.java:52)
	at org.apache.catalina.core.ApplicationFilterChain.internalDoFilter(ApplicationFilterChain.java:193)
	at org.apache.catalina.core.ApplicationFilterChain.doFilter(ApplicationFilterChain.java:166)
	at org.springframework.web.filter.RequestContextFilter.doFilterInternal(RequestContextFilter.java:99)
	at org.springframework.web.filter.OncePerRequestFilter.doFilter(OncePerRequestFilter.java:107)
	at org.apache.catalina.core.ApplicationFilterChain.internalDoFilter(ApplicationFilterChain.java:193)
	at org.apache.catalina.core.ApplicationFilterChain.doFilter(ApplicationFilterChain.java:166)
	at org.springframework.web.filter.HttpPutFormContentFilter.doFilterInternal(HttpPutFormContentFilter.java:105)
	at org.springframework.web.filter.OncePerRequestFilter.doFilter(OncePerRequestFilter.java:107)
	at org.apache.catalina.core.ApplicationFilterChain.internalDoFilter(ApplicationFilterChain.java:193)
	at org.apache.catalina.core.ApplicationFilterChain.doFilter(ApplicationFilterChain.java:166)
	at org.springframework.web.filter.HiddenHttpMethodFilter.doFilterInternal(HiddenHttpMethodFilter.java:81)
	at org.springframework.web.filter.OncePerRequestFilter.doFilter(OncePerRequestFilter.java:107)
	at org.apache.catalina.core.ApplicationFilterChain.internalDoFilter(ApplicationFilterChain.java:193)
	at org.apache.catalina.core.ApplicationFilterChain.doFilter(ApplicationFilterChain.java:166)
	at org.springframework.web.filter.CharacterEncodingFilter.doFilterInternal(CharacterEncodingFilter.java:197)
	at org.springframework.web.filter.OncePerRequestFilter.doFilter(OncePerRequestFilter.java:107)
	at org.apache.catalina.core.ApplicationFilterChain.internalDoFilter(ApplicationFilterChain.java:193)
	at org.apache.catalina.core.ApplicationFilterChain.doFilter(ApplicationFilterChain.java:166)
	at org.apache.catalina.core.StandardWrapperValve.invoke(StandardWrapperValve.java:198)
	at org.apache.catalina.core.StandardContextValve.invoke(StandardContextValve.java:96)
	at org.apache.catalina.authenticator.AuthenticatorBase.invoke(AuthenticatorBase.java:478)
	at org.apache.catalina.core.StandardHostValve.invoke(StandardHostValve.java:140)
	at org.apache.catalina.valves.ErrorReportValve.invoke(ErrorReportValve.java:80)
	at org.apache.catalina.core.StandardEngineValve.invoke(StandardEngineValve.java:87)
	at org.apache.catalina.connector.CoyoteAdapter.service(CoyoteAdapter.java:342)
	at org.apache.coyote.http11.Http11Processor.service(Http11Processor.java:799)
	at org.apache.coyote.AbstractProcessorLight.process(AbstractProcessorLight.java:66)
	at org.apache.coyote.AbstractProtocol$ConnectionHandler.process(AbstractProtocol.java:868)
	at org.apache.tomcat.util.net.NioEndpoint$SocketProcessor.doRun(NioEndpoint.java:1455)
	at org.apache.tomcat.util.net.SocketProcessorBase.run(SocketProcessorBase.java:49)
	at java.util.concurrent.ThreadPoolExecutor.runWorker(ThreadPoolExecutor.java:1149)
	at java.util.concurrent.ThreadPoolExecutor$Worker.run(ThreadPoolExecutor.java:624)
	at org.apache.tomcat.util.threads.TaskThread$WrappingRunnable.run(TaskThread.java:61)
	at java.lang.Thread.run(Thread.java:748)
22-08-2018 11:39:59.293 [main] INFO  c.f.FrysOrderServiceApplication_v2.logStarting - Starting FrysOrderServiceApplication_v2 on Trantor94 with PID 9668 (C:\Users\gagandeep.singh1\git_workspace\FrysOrderService_v2\target\classes started by gagandeep.singh1 in C:\Users\gagandeep.singh1\git_workspace\FrysOrderService_v2)
22-08-2018 11:39:59.293 [main] INFO  c.f.FrysOrderServiceApplication_v2.logStartupProfileInfo - No active profile set, falling back to default profiles: default
22-08-2018 11:39:59.394 [main] INFO  o.s.b.c.e.AnnotationConfigEmbeddedWebApplicationContext.prepareRefresh - Refreshing org.springframework.boot.context.embedded.AnnotationConfigEmbeddedWebApplicationContext@6293abcc: startup date [Wed Aug 22 11:39:59 IST 2018]; root of context hierarchy
22-08-2018 11:39:59.890 [background-preinit] INFO  o.h.validator.internal.util.Version.<clinit> - HV000001: Hibernate Validator 5.3.5.Final
22-08-2018 11:40:02.293 [main] INFO  o.s.b.c.e.t.TomcatEmbeddedServletContainer.initialize - Tomcat initialized with port(s): 8070 (http)
22-08-2018 11:40:02.331 [main] INFO  o.a.catalina.core.StandardService.log - Starting service [Tomcat]
22-08-2018 11:40:02.333 [main] INFO  o.a.catalina.core.StandardEngine.log - Starting Servlet Engine: Apache Tomcat/8.5.16
22-08-2018 11:40:02.538 [localhost-startStop-1] INFO  o.a.c.c.C.[.[localhost].[/order].log - Initializing Spring embedded WebApplicationContext
22-08-2018 11:40:02.538 [localhost-startStop-1] INFO  o.s.web.context.ContextLoader.prepareEmbeddedWebApplicationContext - Root WebApplicationContext: initialization completed in 3144 ms
22-08-2018 11:40:02.756 [localhost-startStop-1] INFO  o.s.b.w.s.ServletRegistrationBean.onStartup - Mapping servlet: 'dispatcherServlet' to [/]
22-08-2018 11:40:02.756 [localhost-startStop-1] INFO  o.s.b.w.s.FilterRegistrationBean.configure - Mapping filter: 'characterEncodingFilter' to: [/*]
22-08-2018 11:40:02.756 [localhost-startStop-1] INFO  o.s.b.w.s.FilterRegistrationBean.configure - Mapping filter: 'hiddenHttpMethodFilter' to: [/*]
22-08-2018 11:40:02.756 [localhost-startStop-1] INFO  o.s.b.w.s.FilterRegistrationBean.configure - Mapping filter: 'httpPutFormContentFilter' to: [/*]
22-08-2018 11:40:02.756 [localhost-startStop-1] INFO  o.s.b.w.s.FilterRegistrationBean.configure - Mapping filter: 'requestContextFilter' to: [/*]
22-08-2018 11:40:03.694 [main] INFO  o.s.o.j.LocalContainerEntityManagerFactoryBean.createNativeEntityManagerFactory - Building JPA container EntityManagerFactory for persistence unit 'default'
22-08-2018 11:40:03.714 [main] INFO  o.h.jpa.internal.util.LogHelper.logPersistenceUnitInformation - HHH000204: Processing PersistenceUnitInfo [
	name: default
	...]
22-08-2018 11:40:03.826 [main] INFO  org.hibernate.Version.logVersion - HHH000412: Hibernate Core {5.0.12.Final}
22-08-2018 11:40:03.826 [main] INFO  org.hibernate.cfg.Environment.<clinit> - HHH000206: hibernate.properties not found
22-08-2018 11:40:03.826 [main] INFO  org.hibernate.cfg.Environment.buildBytecodeProvider - HHH000021: Bytecode provider name : javassist
22-08-2018 11:40:03.904 [main] INFO  o.h.annotations.common.Version.<clinit> - HCANN000001: Hibernate Commons Annotations {5.0.1.Final}
22-08-2018 11:40:04.178 [main] INFO  org.hibernate.dialect.Dialect.<init> - HHH000400: Using dialect: org.hibernate.dialect.MySQL5Dialect
22-08-2018 11:40:04.757 [main] INFO  o.s.o.j.LocalContainerEntityManagerFactoryBean.buildNativeEntityManagerFactory - Initialized JPA EntityManagerFactory for persistence unit 'default'
22-08-2018 11:40:05.656 [main] INFO  o.s.w.s.m.m.a.RequestMappingHandlerAdapter.initControllerAdviceCache - Looking for @ControllerAdvice: org.springframework.boot.context.embedded.AnnotationConfigEmbeddedWebApplicationContext@6293abcc: startup date [Wed Aug 22 11:39:59 IST 2018]; root of context hierarchy
22-08-2018 11:40:05.761 [main] INFO  o.s.w.s.m.m.a.RequestMappingHandlerMapping.register - Mapped "{[/track/code]}" onto public java.lang.String com.frys.action.RequestHandlerServlet.getOrderDetailsByTrackingCode(java.lang.String)
22-08-2018 11:40:05.764 [main] INFO  o.s.w.s.m.m.a.RequestMappingHandlerMapping.register - Mapped "{[/track/credit]}" onto public java.lang.String com.frys.action.RequestHandlerServlet.getOrderDetailsByCreditCardNumber(java.lang.String)
22-08-2018 11:40:05.769 [main] INFO  o.s.w.s.m.m.a.RequestMappingHandlerMapping.register - Mapped "{[/error]}" onto public org.springframework.http.ResponseEntity<java.util.Map<java.lang.String, java.lang.Object>> org.springframework.boot.autoconfigure.web.BasicErrorController.error(javax.servlet.http.HttpServletRequest)
22-08-2018 11:40:05.771 [main] INFO  o.s.w.s.m.m.a.RequestMappingHandlerMapping.register - Mapped "{[/error],produces=[text/html]}" onto public org.springframework.web.servlet.ModelAndView org.springframework.boot.autoconfigure.web.BasicErrorController.errorHtml(javax.servlet.http.HttpServletRequest,javax.servlet.http.HttpServletResponse)
22-08-2018 11:40:05.830 [main] INFO  o.s.w.s.h.SimpleUrlHandlerMapping.registerHandler - Mapped URL path [/webjars/**] onto handler of type [class org.springframework.web.servlet.resource.ResourceHttpRequestHandler]
22-08-2018 11:40:05.831 [main] INFO  o.s.w.s.h.SimpleUrlHandlerMapping.registerHandler - Mapped URL path [/**] onto handler of type [class org.springframework.web.servlet.resource.ResourceHttpRequestHandler]
22-08-2018 11:40:05.923 [main] INFO  o.s.w.s.h.SimpleUrlHandlerMapping.registerHandler - Mapped URL path [/**/favicon.ico] onto handler of type [class org.springframework.web.servlet.resource.ResourceHttpRequestHandler]
22-08-2018 11:40:06.359 [main] INFO  o.s.j.e.a.AnnotationMBeanExporter.afterSingletonsInstantiated - Registering beans for JMX exposure on startup
22-08-2018 11:40:06.385 [main] INFO  o.a.coyote.http11.Http11NioProtocol.log - Initializing ProtocolHandler ["http-nio-8070"]
22-08-2018 11:40:06.402 [main] INFO  o.a.coyote.http11.Http11NioProtocol.log - Starting ProtocolHandler ["http-nio-8070"]
22-08-2018 11:40:06.418 [main] INFO  o.a.tomcat.util.net.NioSelectorPool.log - Using a shared selector for servlet write/read
22-08-2018 11:40:06.443 [main] INFO  o.s.b.c.e.t.TomcatEmbeddedServletContainer.start - Tomcat started on port(s): 8070 (http)
22-08-2018 11:40:06.450 [main] INFO  c.f.FrysOrderServiceApplication_v2.logStarted - Started FrysOrderServiceApplication_v2 in 7.594 seconds (JVM running for 8.021)
22-08-2018 11:40:12.298 [http-nio-8070-exec-1] INFO  o.a.c.c.C.[.[localhost].[/order].log - Initializing Spring FrameworkServlet 'dispatcherServlet'
22-08-2018 11:40:12.299 [http-nio-8070-exec-1] INFO  o.s.web.servlet.DispatcherServlet.initServletBean - FrameworkServlet 'dispatcherServlet': initialization started
22-08-2018 11:40:12.329 [http-nio-8070-exec-1] INFO  o.s.web.servlet.DispatcherServlet.initServletBean - FrameworkServlet 'dispatcherServlet': initialization completed in 29 ms
22-08-2018 11:40:12.385 [http-nio-8070-exec-1] INFO  o.s.c.a.AnnotationConfigApplicationContext.prepareRefresh - Refreshing org.springframework.context.annotation.AnnotationConfigApplicationContext@1b2f9c64: startup date [Wed Aug 22 11:40:12 IST 2018]; root of context hierarchy
22-08-2018 11:40:12.481 [http-nio-8070-exec-1] ERROR o.a.c.c.C.[.[.[.[dispatcherServlet].log - Servlet.service() for servlet [dispatcherServlet] in context with path [/order] threw exception [Request processing failed; nested exception is org.springframework.beans.factory.NoSuchBeanDefinitionException: No qualifying bean of type 'com.frys.model.DelivProperties' available] with root cause
org.springframework.beans.factory.NoSuchBeanDefinitionException: No qualifying bean of type 'com.frys.model.DelivProperties' available
	at org.springframework.beans.factory.support.DefaultListableBeanFactory.getBean(DefaultListableBeanFactory.java:353)
	at org.springframework.beans.factory.support.DefaultListableBeanFactory.getBean(DefaultListableBeanFactory.java:340)
	at org.springframework.context.support.AbstractApplicationContext.getBean(AbstractApplicationContext.java:1090)
	at com.frys.action.RequestHandlerServlet.getOrderDetailsByTrackingCode(RequestHandlerServlet.java:51)
	at sun.reflect.NativeMethodAccessorImpl.invoke0(Native Method)
	at sun.reflect.NativeMethodAccessorImpl.invoke(NativeMethodAccessorImpl.java:62)
	at sun.reflect.DelegatingMethodAccessorImpl.invoke(DelegatingMethodAccessorImpl.java:43)
	at java.lang.reflect.Method.invoke(Method.java:498)
	at org.springframework.web.method.support.InvocableHandlerMethod.doInvoke(InvocableHandlerMethod.java:205)
	at org.springframework.web.method.support.InvocableHandlerMethod.invokeForRequest(InvocableHandlerMethod.java:133)
	at org.springframework.web.servlet.mvc.method.annotation.ServletInvocableHandlerMethod.invokeAndHandle(ServletInvocableHandlerMethod.java:97)
	at org.springframework.web.servlet.mvc.method.annotation.RequestMappingHandlerAdapter.invokeHandlerMethod(RequestMappingHandlerAdapter.java:827)
	at org.springframework.web.servlet.mvc.method.annotation.RequestMappingHandlerAdapter.handleInternal(RequestMappingHandlerAdapter.java:738)
	at org.springframework.web.servlet.mvc.method.AbstractHandlerMethodAdapter.handle(AbstractHandlerMethodAdapter.java:85)
	at org.springframework.web.servlet.DispatcherServlet.doDispatch(DispatcherServlet.java:967)
	at org.springframework.web.servlet.DispatcherServlet.doService(DispatcherServlet.java:901)
	at org.springframework.web.servlet.FrameworkServlet.processRequest(FrameworkServlet.java:970)
	at org.springframework.web.servlet.FrameworkServlet.doGet(FrameworkServlet.java:861)
	at javax.servlet.http.HttpServlet.service(HttpServlet.java:635)
	at org.springframework.web.servlet.FrameworkServlet.service(FrameworkServlet.java:846)
	at javax.servlet.http.HttpServlet.service(HttpServlet.java:742)
	at org.apache.catalina.core.ApplicationFilterChain.internalDoFilter(ApplicationFilterChain.java:231)
	at org.apache.catalina.core.ApplicationFilterChain.doFilter(ApplicationFilterChain.java:166)
	at org.apache.tomcat.websocket.server.WsFilter.doFilter(WsFilter.java:52)
	at org.apache.catalina.core.ApplicationFilterChain.internalDoFilter(ApplicationFilterChain.java:193)
	at org.apache.catalina.core.ApplicationFilterChain.doFilter(ApplicationFilterChain.java:166)
	at org.springframework.web.filter.RequestContextFilter.doFilterInternal(RequestContextFilter.java:99)
	at org.springframework.web.filter.OncePerRequestFilter.doFilter(OncePerRequestFilter.java:107)
	at org.apache.catalina.core.ApplicationFilterChain.internalDoFilter(ApplicationFilterChain.java:193)
	at org.apache.catalina.core.ApplicationFilterChain.doFilter(ApplicationFilterChain.java:166)
	at org.springframework.web.filter.HttpPutFormContentFilter.doFilterInternal(HttpPutFormContentFilter.java:105)
	at org.springframework.web.filter.OncePerRequestFilter.doFilter(OncePerRequestFilter.java:107)
	at org.apache.catalina.core.ApplicationFilterChain.internalDoFilter(ApplicationFilterChain.java:193)
	at org.apache.catalina.core.ApplicationFilterChain.doFilter(ApplicationFilterChain.java:166)
	at org.springframework.web.filter.HiddenHttpMethodFilter.doFilterInternal(HiddenHttpMethodFilter.java:81)
	at org.springframework.web.filter.OncePerRequestFilter.doFilter(OncePerRequestFilter.java:107)
	at org.apache.catalina.core.ApplicationFilterChain.internalDoFilter(ApplicationFilterChain.java:193)
	at org.apache.catalina.core.ApplicationFilterChain.doFilter(ApplicationFilterChain.java:166)
	at org.springframework.web.filter.CharacterEncodingFilter.doFilterInternal(CharacterEncodingFilter.java:197)
	at org.springframework.web.filter.OncePerRequestFilter.doFilter(OncePerRequestFilter.java:107)
	at org.apache.catalina.core.ApplicationFilterChain.internalDoFilter(ApplicationFilterChain.java:193)
	at org.apache.catalina.core.ApplicationFilterChain.doFilter(ApplicationFilterChain.java:166)
	at org.apache.catalina.core.StandardWrapperValve.invoke(StandardWrapperValve.java:198)
	at org.apache.catalina.core.StandardContextValve.invoke(StandardContextValve.java:96)
	at org.apache.catalina.authenticator.AuthenticatorBase.invoke(AuthenticatorBase.java:478)
	at org.apache.catalina.core.StandardHostValve.invoke(StandardHostValve.java:140)
	at org.apache.catalina.valves.ErrorReportValve.invoke(ErrorReportValve.java:80)
	at org.apache.catalina.core.StandardEngineValve.invoke(StandardEngineValve.java:87)
	at org.apache.catalina.connector.CoyoteAdapter.service(CoyoteAdapter.java:342)
	at org.apache.coyote.http11.Http11Processor.service(Http11Processor.java:799)
	at org.apache.coyote.AbstractProcessorLight.process(AbstractProcessorLight.java:66)
	at org.apache.coyote.AbstractProtocol$ConnectionHandler.process(AbstractProtocol.java:868)
	at org.apache.tomcat.util.net.NioEndpoint$SocketProcessor.doRun(NioEndpoint.java:1455)
	at org.apache.tomcat.util.net.SocketProcessorBase.run(SocketProcessorBase.java:49)
	at java.util.concurrent.ThreadPoolExecutor.runWorker(ThreadPoolExecutor.java:1149)
	at java.util.concurrent.ThreadPoolExecutor$Worker.run(ThreadPoolExecutor.java:624)
	at org.apache.tomcat.util.threads.TaskThread$WrappingRunnable.run(TaskThread.java:61)
	at java.lang.Thread.run(Thread.java:748)
22-08-2018 11:41:00.407 [main] INFO  c.f.FrysOrderServiceApplication_v2.logStarting - Starting FrysOrderServiceApplication_v2 on Trantor94 with PID 4940 (C:\Users\gagandeep.singh1\git_workspace\FrysOrderService_v2\target\classes started by gagandeep.singh1 in C:\Users\gagandeep.singh1\git_workspace\FrysOrderService_v2)
22-08-2018 11:41:00.407 [main] INFO  c.f.FrysOrderServiceApplication_v2.logStartupProfileInfo - No active profile set, falling back to default profiles: default
22-08-2018 11:41:00.497 [main] INFO  o.s.b.c.e.AnnotationConfigEmbeddedWebApplicationContext.prepareRefresh - Refreshing org.springframework.boot.context.embedded.AnnotationConfigEmbeddedWebApplicationContext@6293abcc: startup date [Wed Aug 22 11:41:00 IST 2018]; root of context hierarchy
22-08-2018 11:41:01.008 [background-preinit] INFO  o.h.validator.internal.util.Version.<clinit> - HV000001: Hibernate Validator 5.3.5.Final
22-08-2018 11:41:03.228 [main] INFO  o.s.b.c.e.t.TomcatEmbeddedServletContainer.initialize - Tomcat initialized with port(s): 8070 (http)
22-08-2018 11:41:03.252 [main] INFO  o.a.catalina.core.StandardService.log - Starting service [Tomcat]
22-08-2018 11:41:03.255 [main] INFO  o.a.catalina.core.StandardEngine.log - Starting Servlet Engine: Apache Tomcat/8.5.16
22-08-2018 11:41:03.503 [localhost-startStop-1] INFO  o.a.c.c.C.[.[localhost].[/order].log - Initializing Spring embedded WebApplicationContext
22-08-2018 11:41:03.503 [localhost-startStop-1] INFO  o.s.web.context.ContextLoader.prepareEmbeddedWebApplicationContext - Root WebApplicationContext: initialization completed in 3006 ms
22-08-2018 11:41:03.804 [localhost-startStop-1] INFO  o.s.b.w.s.ServletRegistrationBean.onStartup - Mapping servlet: 'dispatcherServlet' to [/]
22-08-2018 11:41:03.820 [localhost-startStop-1] INFO  o.s.b.w.s.FilterRegistrationBean.configure - Mapping filter: 'characterEncodingFilter' to: [/*]
22-08-2018 11:41:03.821 [localhost-startStop-1] INFO  o.s.b.w.s.FilterRegistrationBean.configure - Mapping filter: 'hiddenHttpMethodFilter' to: [/*]
22-08-2018 11:41:03.822 [localhost-startStop-1] INFO  o.s.b.w.s.FilterRegistrationBean.configure - Mapping filter: 'httpPutFormContentFilter' to: [/*]
22-08-2018 11:41:03.822 [localhost-startStop-1] INFO  o.s.b.w.s.FilterRegistrationBean.configure - Mapping filter: 'requestContextFilter' to: [/*]
22-08-2018 11:41:04.723 [main] INFO  o.s.o.j.LocalContainerEntityManagerFactoryBean.createNativeEntityManagerFactory - Building JPA container EntityManagerFactory for persistence unit 'default'
22-08-2018 11:41:04.752 [main] INFO  o.h.jpa.internal.util.LogHelper.logPersistenceUnitInformation - HHH000204: Processing PersistenceUnitInfo [
	name: default
	...]
22-08-2018 11:41:04.870 [main] INFO  org.hibernate.Version.logVersion - HHH000412: Hibernate Core {5.0.12.Final}
22-08-2018 11:41:04.886 [main] INFO  org.hibernate.cfg.Environment.<clinit> - HHH000206: hibernate.properties not found
22-08-2018 11:41:04.886 [main] INFO  org.hibernate.cfg.Environment.buildBytecodeProvider - HHH000021: Bytecode provider name : javassist
22-08-2018 11:41:04.955 [main] INFO  o.h.annotations.common.Version.<clinit> - HCANN000001: Hibernate Commons Annotations {5.0.1.Final}
22-08-2018 11:41:05.255 [main] INFO  org.hibernate.dialect.Dialect.<init> - HHH000400: Using dialect: org.hibernate.dialect.MySQL5Dialect
22-08-2018 11:41:05.848 [main] INFO  o.s.o.j.LocalContainerEntityManagerFactoryBean.buildNativeEntityManagerFactory - Initialized JPA EntityManagerFactory for persistence unit 'default'
22-08-2018 11:41:06.849 [main] INFO  o.s.w.s.m.m.a.RequestMappingHandlerAdapter.initControllerAdviceCache - Looking for @ControllerAdvice: org.springframework.boot.context.embedded.AnnotationConfigEmbeddedWebApplicationContext@6293abcc: startup date [Wed Aug 22 11:41:00 IST 2018]; root of context hierarchy
22-08-2018 11:41:06.984 [main] INFO  o.s.w.s.m.m.a.RequestMappingHandlerMapping.register - Mapped "{[/track/credit]}" onto public java.lang.String com.frys.action.RequestHandlerServlet.getOrderDetailsByCreditCardNumber(java.lang.String)
22-08-2018 11:41:06.986 [main] INFO  o.s.w.s.m.m.a.RequestMappingHandlerMapping.register - Mapped "{[/track/code]}" onto public java.lang.String com.frys.action.RequestHandlerServlet.getOrderDetailsByTrackingCode(java.lang.String)
22-08-2018 11:41:06.998 [main] INFO  o.s.w.s.m.m.a.RequestMappingHandlerMapping.register - Mapped "{[/error]}" onto public org.springframework.http.ResponseEntity<java.util.Map<java.lang.String, java.lang.Object>> org.springframework.boot.autoconfigure.web.BasicErrorController.error(javax.servlet.http.HttpServletRequest)
22-08-2018 11:41:06.999 [main] INFO  o.s.w.s.m.m.a.RequestMappingHandlerMapping.register - Mapped "{[/error],produces=[text/html]}" onto public org.springframework.web.servlet.ModelAndView org.springframework.boot.autoconfigure.web.BasicErrorController.errorHtml(javax.servlet.http.HttpServletRequest,javax.servlet.http.HttpServletResponse)
22-08-2018 11:41:07.061 [main] INFO  o.s.w.s.h.SimpleUrlHandlerMapping.registerHandler - Mapped URL path [/webjars/**] onto handler of type [class org.springframework.web.servlet.resource.ResourceHttpRequestHandler]
22-08-2018 11:41:07.062 [main] INFO  o.s.w.s.h.SimpleUrlHandlerMapping.registerHandler - Mapped URL path [/**] onto handler of type [class org.springframework.web.servlet.resource.ResourceHttpRequestHandler]
22-08-2018 11:41:07.181 [main] INFO  o.s.w.s.h.SimpleUrlHandlerMapping.registerHandler - Mapped URL path [/**/favicon.ico] onto handler of type [class org.springframework.web.servlet.resource.ResourceHttpRequestHandler]
22-08-2018 11:41:07.661 [main] INFO  o.s.j.e.a.AnnotationMBeanExporter.afterSingletonsInstantiated - Registering beans for JMX exposure on startup
22-08-2018 11:41:07.686 [main] INFO  o.a.coyote.http11.Http11NioProtocol.log - Initializing ProtocolHandler ["http-nio-8070"]
22-08-2018 11:41:07.705 [main] INFO  o.a.coyote.http11.Http11NioProtocol.log - Starting ProtocolHandler ["http-nio-8070"]
22-08-2018 11:41:07.722 [main] INFO  o.a.tomcat.util.net.NioSelectorPool.log - Using a shared selector for servlet write/read
22-08-2018 11:41:07.754 [main] INFO  o.s.b.c.e.t.TomcatEmbeddedServletContainer.start - Tomcat started on port(s): 8070 (http)
22-08-2018 11:41:07.763 [main] INFO  c.f.FrysOrderServiceApplication_v2.logStarted - Started FrysOrderServiceApplication_v2 in 7.781 seconds (JVM running for 8.233)
22-08-2018 11:41:16.857 [http-nio-8070-exec-1] INFO  o.a.c.c.C.[.[localhost].[/order].log - Initializing Spring FrameworkServlet 'dispatcherServlet'
22-08-2018 11:41:16.857 [http-nio-8070-exec-1] INFO  o.s.web.servlet.DispatcherServlet.initServletBean - FrameworkServlet 'dispatcherServlet': initialization started
22-08-2018 11:41:16.887 [http-nio-8070-exec-1] INFO  o.s.web.servlet.DispatcherServlet.initServletBean - FrameworkServlet 'dispatcherServlet': initialization completed in 28 ms
22-08-2018 11:41:16.954 [http-nio-8070-exec-1] INFO  o.s.c.a.AnnotationConfigApplicationContext.prepareRefresh - Refreshing org.springframework.context.annotation.AnnotationConfigApplicationContext@594df3ba: startup date [Wed Aug 22 11:41:16 IST 2018]; root of context hierarchy
22-08-2018 11:41:17.085 [http-nio-8070-exec-1] INFO  com.frys.util.DeliveryHelper.getDeliveryInfo - DeliveryUtil().getDeliveryInfo(): Getting DeliveryInfo of TrackCode: S7CN7TLU
22-08-2018 11:41:17.085 [http-nio-8070-exec-1] INFO  com.frys.util.DeliveryHelper.hitGetService - DeliveryUtil.hitGetService(): Hitting url: https://api.deliv.co/v2/deliveries/S7CN7TLU?expand=signature,proof_of_delivery, Input: null
22-08-2018 11:41:39.163 [http-nio-8070-exec-1] INFO  o.a.c.httpclient.HttpMethodDirector.executeWithRetry - I/O exception (java.net.ConnectException) caught when processing request: Connection timed out: connect
22-08-2018 11:41:39.163 [http-nio-8070-exec-1] INFO  o.a.c.httpclient.HttpMethodDirector.executeWithRetry - Retrying request
22-08-2018 11:42:00.180 [http-nio-8070-exec-1] INFO  o.a.c.httpclient.HttpMethodDirector.executeWithRetry - I/O exception (java.net.ConnectException) caught when processing request: Connection timed out: connect
22-08-2018 11:42:00.181 [http-nio-8070-exec-1] INFO  o.a.c.httpclient.HttpMethodDirector.executeWithRetry - Retrying request
22-08-2018 11:42:05.387 [http-nio-8070-exec-1] INFO  com.frys.util.DeliveryHelper.hitGetService - DeliveryUtil.hitGetService(): Response Code: 200, CAUSE: [Lorg.apache.commons.httpclient.Header;@57d95c9f
22-08-2018 11:42:41.726 [http-nio-8070-exec-3] INFO  o.s.c.a.AnnotationConfigApplicationContext.prepareRefresh - Refreshing org.springframework.context.annotation.AnnotationConfigApplicationContext@300dac4c: startup date [Wed Aug 22 11:42:41 IST 2018]; root of context hierarchy
22-08-2018 11:42:41.767 [http-nio-8070-exec-3] INFO  com.frys.util.DeliveryHelper.getDeliveryInfo - DeliveryUtil().getDeliveryInfo(): Getting DeliveryInfo of TrackCode: S7CN7TLU1
22-08-2018 11:42:41.768 [http-nio-8070-exec-3] INFO  com.frys.util.DeliveryHelper.hitGetService - DeliveryUtil.hitGetService(): Hitting url: https://api.deliv.co/v2/deliveries/S7CN7TLU1?expand=signature,proof_of_delivery, Input: null
22-08-2018 11:42:51.816 [http-nio-8070-exec-3] INFO  com.frys.util.DeliveryHelper.hitGetService - DeliveryUtil.hitGetService(): Response Code: 404, CAUSE: [Lorg.apache.commons.httpclient.Header;@6782a2e2
22-08-2018 11:48:51.113 [http-nio-8070-exec-5] INFO  o.s.c.a.AnnotationConfigApplicationContext.prepareRefresh - Refreshing org.springframework.context.annotation.AnnotationConfigApplicationContext@4ae6626d: startup date [Wed Aug 22 11:48:51 IST 2018]; root of context hierarchy
22-08-2018 11:48:51.158 [http-nio-8070-exec-5] INFO  com.frys.util.DeliveryHelper.getDeliveryInfo - DeliveryUtil().getDeliveryInfo(): Getting DeliveryInfo of TrackCode: 
22-08-2018 11:48:52.744 [http-nio-8070-exec-6] INFO  o.s.c.a.AnnotationConfigApplicationContext.prepareRefresh - Refreshing org.springframework.context.annotation.AnnotationConfigApplicationContext@1cd416d8: startup date [Wed Aug 22 11:48:52 IST 2018]; root of context hierarchy
22-08-2018 11:48:52.785 [http-nio-8070-exec-6] INFO  com.frys.util.DeliveryHelper.getDeliveryInfo - DeliveryUtil().getDeliveryInfo(): Getting DeliveryInfo of TrackCode: 
22-08-2018 11:48:52.972 [http-nio-8070-exec-7] INFO  o.s.c.a.AnnotationConfigApplicationContext.prepareRefresh - Refreshing org.springframework.context.annotation.AnnotationConfigApplicationContext@6c52c128: startup date [Wed Aug 22 11:48:52 IST 2018]; root of context hierarchy
22-08-2018 11:48:53.004 [http-nio-8070-exec-7] INFO  com.frys.util.DeliveryHelper.getDeliveryInfo - DeliveryUtil().getDeliveryInfo(): Getting DeliveryInfo of TrackCode: 
22-08-2018 11:49:42.211 [http-nio-8070-exec-9] INFO  o.s.c.a.AnnotationConfigApplicationContext.prepareRefresh - Refreshing org.springframework.context.annotation.AnnotationConfigApplicationContext@6291378: startup date [Wed Aug 22 11:49:42 IST 2018]; root of context hierarchy
22-08-2018 11:49:42.246 [http-nio-8070-exec-9] INFO  com.frys.util.DeliveryHelper.getDeliveryInfo - DeliveryUtil().getDeliveryInfo(): Getting DeliveryInfo of TrackCode: S7CN7TLU
22-08-2018 11:49:42.247 [http-nio-8070-exec-9] INFO  com.frys.util.DeliveryHelper.hitGetService - DeliveryUtil.hitGetService(): Hitting url: https://api.deliv.co/v2/deliveries/S7CN7TLU?expand=signature,proof_of_delivery, Input: null
22-08-2018 11:49:44.004 [http-nio-8070-exec-9] INFO  com.frys.util.DeliveryHelper.hitGetService - DeliveryUtil.hitGetService(): Response Code: 200, CAUSE: [Lorg.apache.commons.httpclient.Header;@21fd561f
22-08-2018 12:54:52.134 [main] INFO  c.f.FrysOrderServiceApplication_v2.logStarting - Starting FrysOrderServiceApplication_v2 on Trantor94 with PID 10856 (C:\Users\gagandeep.singh1\git_workspace\FrysOrderService_v2\target\classes started by gagandeep.singh1 in C:\Users\gagandeep.singh1\git_workspace\FrysOrderService_v2)
22-08-2018 12:54:52.150 [main] INFO  c.f.FrysOrderServiceApplication_v2.logStartupProfileInfo - No active profile set, falling back to default profiles: default
22-08-2018 12:54:52.219 [main] INFO  o.s.b.c.e.AnnotationConfigEmbeddedWebApplicationContext.prepareRefresh - Refreshing org.springframework.boot.context.embedded.AnnotationConfigEmbeddedWebApplicationContext@6293abcc: startup date [Wed Aug 22 12:54:52 IST 2018]; root of context hierarchy
22-08-2018 12:54:52.679 [background-preinit] INFO  o.h.validator.internal.util.Version.<clinit> - HV000001: Hibernate Validator 5.3.5.Final
22-08-2018 12:54:54.947 [main] INFO  o.s.b.c.e.t.TomcatEmbeddedServletContainer.initialize - Tomcat initialized with port(s): 8070 (http)
22-08-2018 12:54:54.973 [main] INFO  o.a.catalina.core.StandardService.log - Starting service [Tomcat]
22-08-2018 12:54:54.976 [main] INFO  o.a.catalina.core.StandardEngine.log - Starting Servlet Engine: Apache Tomcat/8.5.16
22-08-2018 12:54:55.194 [localhost-startStop-1] INFO  o.a.c.c.C.[.[localhost].[/order].log - Initializing Spring embedded WebApplicationContext
22-08-2018 12:54:55.195 [localhost-startStop-1] INFO  o.s.web.context.ContextLoader.prepareEmbeddedWebApplicationContext - Root WebApplicationContext: initialization completed in 2976 ms
22-08-2018 12:54:55.402 [localhost-startStop-1] INFO  o.s.b.w.s.ServletRegistrationBean.onStartup - Mapping servlet: 'dispatcherServlet' to [/]
22-08-2018 12:54:55.407 [localhost-startStop-1] INFO  o.s.b.w.s.FilterRegistrationBean.configure - Mapping filter: 'characterEncodingFilter' to: [/*]
22-08-2018 12:54:55.408 [localhost-startStop-1] INFO  o.s.b.w.s.FilterRegistrationBean.configure - Mapping filter: 'hiddenHttpMethodFilter' to: [/*]
22-08-2018 12:54:55.409 [localhost-startStop-1] INFO  o.s.b.w.s.FilterRegistrationBean.configure - Mapping filter: 'httpPutFormContentFilter' to: [/*]
22-08-2018 12:54:55.409 [localhost-startStop-1] INFO  o.s.b.w.s.FilterRegistrationBean.configure - Mapping filter: 'requestContextFilter' to: [/*]
22-08-2018 12:54:56.498 [main] INFO  o.s.o.j.LocalContainerEntityManagerFactoryBean.createNativeEntityManagerFactory - Building JPA container EntityManagerFactory for persistence unit 'default'
22-08-2018 12:54:56.526 [main] INFO  o.h.jpa.internal.util.LogHelper.logPersistenceUnitInformation - HHH000204: Processing PersistenceUnitInfo [
	name: default
	...]
22-08-2018 12:54:56.658 [main] INFO  org.hibernate.Version.logVersion - HHH000412: Hibernate Core {5.0.12.Final}
22-08-2018 12:54:56.661 [main] INFO  org.hibernate.cfg.Environment.<clinit> - HHH000206: hibernate.properties not found
22-08-2018 12:54:56.664 [main] INFO  org.hibernate.cfg.Environment.buildBytecodeProvider - HHH000021: Bytecode provider name : javassist
22-08-2018 12:54:56.726 [main] INFO  o.h.annotations.common.Version.<clinit> - HCANN000001: Hibernate Commons Annotations {5.0.1.Final}
22-08-2018 12:54:57.076 [main] INFO  org.hibernate.dialect.Dialect.<init> - HHH000400: Using dialect: org.hibernate.dialect.MySQL5Dialect
22-08-2018 12:54:57.753 [main] INFO  o.s.o.j.LocalContainerEntityManagerFactoryBean.buildNativeEntityManagerFactory - Initialized JPA EntityManagerFactory for persistence unit 'default'
22-08-2018 12:54:58.739 [main] INFO  o.s.w.s.m.m.a.RequestMappingHandlerAdapter.initControllerAdviceCache - Looking for @ControllerAdvice: org.springframework.boot.context.embedded.AnnotationConfigEmbeddedWebApplicationContext@6293abcc: startup date [Wed Aug 22 12:54:52 IST 2018]; root of context hierarchy
22-08-2018 12:54:58.850 [main] INFO  o.s.w.s.m.m.a.RequestMappingHandlerMapping.register - Mapped "{[/track/code]}" onto public java.lang.String com.frys.action.RequestHandlerServlet.getOrderDetailsByTrackingCode(java.lang.String) throws com.frys.exception.InValidTrackingCodeException
22-08-2018 12:54:58.852 [main] INFO  o.s.w.s.m.m.a.RequestMappingHandlerMapping.register - Mapped "{[/track/credit]}" onto public java.lang.String com.frys.action.RequestHandlerServlet.getOrderDetailsByCreditCardNumber(java.lang.String)
22-08-2018 12:54:58.857 [main] INFO  o.s.w.s.m.m.a.RequestMappingHandlerMapping.register - Mapped "{[/error]}" onto public org.springframework.http.ResponseEntity<java.util.Map<java.lang.String, java.lang.Object>> org.springframework.boot.autoconfigure.web.BasicErrorController.error(javax.servlet.http.HttpServletRequest)
22-08-2018 12:54:58.858 [main] INFO  o.s.w.s.m.m.a.RequestMappingHandlerMapping.register - Mapped "{[/error],produces=[text/html]}" onto public org.springframework.web.servlet.ModelAndView org.springframework.boot.autoconfigure.web.BasicErrorController.errorHtml(javax.servlet.http.HttpServletRequest,javax.servlet.http.HttpServletResponse)
22-08-2018 12:54:58.957 [main] INFO  o.s.w.s.h.SimpleUrlHandlerMapping.registerHandler - Mapped URL path [/webjars/**] onto handler of type [class org.springframework.web.servlet.resource.ResourceHttpRequestHandler]
22-08-2018 12:54:58.958 [main] INFO  o.s.w.s.h.SimpleUrlHandlerMapping.registerHandler - Mapped URL path [/**] onto handler of type [class org.springframework.web.servlet.resource.ResourceHttpRequestHandler]
22-08-2018 12:54:58.991 [main] INFO  o.s.w.s.m.m.a.ExceptionHandlerExceptionResolver.initExceptionHandlerAdviceCache - Detected @ExceptionHandler methods in customExceptionHandler
22-08-2018 12:54:59.077 [main] INFO  o.s.w.s.h.SimpleUrlHandlerMapping.registerHandler - Mapped URL path [/**/favicon.ico] onto handler of type [class org.springframework.web.servlet.resource.ResourceHttpRequestHandler]
22-08-2018 12:54:59.531 [main] INFO  o.s.j.e.a.AnnotationMBeanExporter.afterSingletonsInstantiated - Registering beans for JMX exposure on startup
22-08-2018 12:54:59.562 [main] INFO  o.a.coyote.http11.Http11NioProtocol.log - Initializing ProtocolHandler ["http-nio-8070"]
22-08-2018 12:54:59.581 [main] INFO  o.a.coyote.http11.Http11NioProtocol.log - Starting ProtocolHandler ["http-nio-8070"]
22-08-2018 12:54:59.597 [main] INFO  o.a.tomcat.util.net.NioSelectorPool.log - Using a shared selector for servlet write/read
22-08-2018 12:54:59.637 [main] INFO  o.s.b.c.e.t.TomcatEmbeddedServletContainer.start - Tomcat started on port(s): 8070 (http)
22-08-2018 12:54:59.647 [main] INFO  c.f.FrysOrderServiceApplication_v2.logStarted - Started FrysOrderServiceApplication_v2 in 7.944 seconds (JVM running for 8.435)
22-08-2018 12:55:08.017 [http-nio-8070-exec-1] INFO  o.a.c.c.C.[.[localhost].[/order].log - Initializing Spring FrameworkServlet 'dispatcherServlet'
22-08-2018 12:55:08.017 [http-nio-8070-exec-1] INFO  o.s.web.servlet.DispatcherServlet.initServletBean - FrameworkServlet 'dispatcherServlet': initialization started
22-08-2018 12:55:08.038 [http-nio-8070-exec-1] INFO  o.s.web.servlet.DispatcherServlet.initServletBean - FrameworkServlet 'dispatcherServlet': initialization completed in 17 ms
22-08-2018 12:55:08.111 [http-nio-8070-exec-1] INFO  o.s.c.a.AnnotationConfigApplicationContext.prepareRefresh - Refreshing org.springframework.context.annotation.AnnotationConfigApplicationContext@243c0e90: startup date [Wed Aug 22 12:55:08 IST 2018]; root of context hierarchy
22-08-2018 12:55:08.236 [http-nio-8070-exec-1] INFO  com.frys.util.DeliveryHelper.getDeliveryInfo - DeliveryUtil().getDeliveryInfo(): Getting DeliveryInfo of TrackCode: S7CN7TLU
22-08-2018 12:55:08.236 [http-nio-8070-exec-1] INFO  com.frys.util.DeliveryHelper.hitGetService - DeliveryUtil.hitGetService(): Hitting url: https://api.deliv.co/v2/deliveries/S7CN7TLU?expand=signature,proof_of_delivery, Input: null
22-08-2018 12:55:30.034 [http-nio-8070-exec-1] INFO  o.a.c.httpclient.HttpMethodDirector.executeWithRetry - I/O exception (java.net.ConnectException) caught when processing request: Connection timed out: connect
22-08-2018 12:55:30.034 [http-nio-8070-exec-1] INFO  o.a.c.httpclient.HttpMethodDirector.executeWithRetry - Retrying request
22-08-2018 12:55:49.003 [http-nio-8070-exec-2] INFO  o.h.h.i.QueryTranslatorFactoryInitiator.initiateService - HHH000397: Using ASTQueryTranslatorFactory
22-08-2018 12:55:51.055 [http-nio-8070-exec-1] INFO  o.a.c.httpclient.HttpMethodDirector.executeWithRetry - I/O exception (java.net.ConnectException) caught when processing request: Connection timed out: connect
22-08-2018 12:55:51.055 [http-nio-8070-exec-1] INFO  o.a.c.httpclient.HttpMethodDirector.executeWithRetry - Retrying request
22-08-2018 12:56:12.067 [http-nio-8070-exec-1] INFO  o.a.c.httpclient.HttpMethodDirector.executeWithRetry - I/O exception (java.net.ConnectException) caught when processing request: Connection timed out: connect
22-08-2018 12:56:12.067 [http-nio-8070-exec-1] INFO  o.a.c.httpclient.HttpMethodDirector.executeWithRetry - Retrying request
22-08-2018 12:56:17.031 [http-nio-8070-exec-1] INFO  com.frys.util.DeliveryHelper.hitGetService - DeliveryUtil.hitGetService(): Response Code: 200, CAUSE: [Lorg.apache.commons.httpclient.Header;@704a2ad
